0 info it worked if it ends with ok
1 verbose cli [ '/usr/local/bin/node', '/usr/local/bin/npm', 'run', 'dev' ]
2 info using npm@3.7.3
3 info using node@v5.9.1
4 verbose run-script [ 'predev', 'dev', 'postdev' ]
5 info lifecycle cs-square-workshop@1.1.0-snapshot~predev: cs-square-workshop@1.1.0-snapshot
6 silly lifecycle cs-square-workshop@1.1.0-snapshot~predev: no script for predev, continuing
7 info lifecycle cs-square-workshop@1.1.0-snapshot~dev: cs-square-workshop@1.1.0-snapshot
8 verbose lifecycle cs-square-workshop@1.1.0-snapshot~dev: unsafe-perm in lifecycle true
9 verbose lifecycle cs-square-workshop@1.1.0-snapshot~dev: PATH: /usr/local/lib/node_modules/npm/bin/node-gyp-bin:/Users/nickfitzpatrick/Projects/cs-square-workshop/node_modules/.bin:/usr/local/bin:/usr/local/bin:/usr/bin:/bin:/usr/sbin:/sbin:/sbin:/usr/local/mysql/bin:/Users/nickfitzpatrick/bin:/Users/nickfitzpatrick/.composer/vendor/bin
10 verbose lifecycle cs-square-workshop@1.1.0-snapshot~dev: CWD: /Users/nickfitzpatrick/Projects/cs-square-workshop
11 silly lifecycle cs-square-workshop@1.1.0-snapshot~dev: Args: [ '-c',
11 silly lifecycle   'cross-env NODE_ENV=development ./node_modules/.bin/gulp dev' ]
12 silly lifecycle cs-square-workshop@1.1.0-snapshot~dev: Returned: code: 1  signal: null
13 info lifecycle cs-square-workshop@1.1.0-snapshot~dev: Failed to exec dev script
14 verbose stack Error: cs-square-workshop@1.1.0-snapshot dev: `cross-env NODE_ENV=development ./node_modules/.bin/gulp dev`
14 verbose stack Exit status 1
14 verbose stack     at EventEmitter.<anonymous> (/usr/local/lib/node_modules/npm/lib/utils/lifecycle.js:239:16)
14 verbose stack     at emitTwo (events.js:100:13)
14 verbose stack     at EventEmitter.emit (events.js:185:7)
14 verbose stack     at ChildProcess.<anonymous> (/usr/local/lib/node_modules/npm/lib/utils/spawn.js:24:14)
14 verbose stack     at emitTwo (events.js:100:13)
14 verbose stack     at ChildProcess.emit (events.js:185:7)
14 verbose stack     at maybeClose (internal/child_process.js:850:16)
14 verbose stack     at Process.ChildProcess._handle.onexit (internal/child_process.js:215:5)
15 verbose pkgid cs-square-workshop@1.1.0-snapshot
16 verbose cwd /Users/nickfitzpatrick/Projects/cs-square-workshop
17 error Darwin 15.4.0
18 error argv "/usr/local/bin/node" "/usr/local/bin/npm" "run" "dev"
19 error node v5.9.1
20 error npm  v3.7.3
21 error code ELIFECYCLE
22 error cs-square-workshop@1.1.0-snapshot dev: `cross-env NODE_ENV=development ./node_modules/.bin/gulp dev`
22 error Exit status 1
23 error Failed at the cs-square-workshop@1.1.0-snapshot dev script 'cross-env NODE_ENV=development ./node_modules/.bin/gulp dev'.
23 error Make sure you have the latest version of node.js and npm installed.
23 error If you do, this is most likely a problem with the cs-square-workshop package,
23 error not with npm itself.
23 error Tell the author that this fails on your system:
23 error     cross-env NODE_ENV=development ./node_modules/.bin/gulp dev
23 error You can get information on how to open an issue for this project with:
23 error     npm bugs cs-square-workshop
23 error Or if that isn't available, you can get their info via:
23 error     npm owner ls cs-square-workshop
23 error There is likely additional logging output above.
24 verbose exit [ 1, true ]
